<?xml version="1.0" encoding="UTF-8"?>
<!-- Generated by org.testng.reporters.JUnitReportReporter -->
<testsuite hostname="DESKTOP-I7GH3LQ" failures="0" tests="1" name="com.amazon.testlayer.PrintAllProduct" time="27.017" errors="0" timestamp="2023-07-23T11:38:21 IST" skipped="0">
  <testcase classname="com.amazon.testlayer.PrintAllProduct" name="printAllProductFrom1stPage" time="27.017"/>
  <system-out/>
</testsuite> <!-- com.amazon.testlayer.PrintAllProduct -->
