<?xml version="1.0" encoding="UTF-8"?>
<!-- Generated by org.testng.reporters.JUnitReportReporter -->
<testsuite hostname="DESKTOP-I7GH3LQ" failures="0" tests="1" name="com.amazon.testlayer.AddToCartFunctionality" time="59.662" errors="0" timestamp="2023-07-20T12:07:22 IST" skipped="0">
  <testcase classname="com.amazon.testlayer.AddToCartFunctionality" name="addToCartFunctionality" time="59.662"/>
  <system-out/>
</testsuite> <!-- com.amazon.testlayer.AddToCartFunctionality -->
