<?xml version="1.0" encoding="UTF-8"?>
<!-- Generated by org.testng.reporters.JUnitReportReporter -->
<testsuite hostname="DESKTOP-I7GH3LQ" failures="0" tests="1" name="com.amazon.testlayer.SignInFunctionality" time="61.159" errors="0" timestamp="2023-07-20T11:38:42 IST" skipped="0">
  <testcase classname="com.amazon.testlayer.SignInFunctionality" name="signInFunctionality" time="61.159"/>
  <system-out/>
</testsuite> <!-- com.amazon.testlayer.SignInFunctionality -->
